<?xml version="1.0" encoding="UTF-8"?>
<!-- Generated by org.testng.reporters.JUnitXMLReporter -->
<testsuite ignored="0" hostname="LAPTOP-PUE9BH8I" failures="0" tests="1" name="master1" time="0.214" errors="0" timestamp="2023-11-07T17:58:52 IST">
  <testcase classname="testBase.BaseClass" name="@BeforeClass setUp" time="-1.699360132282E9">
    <failure type="org.testng.TestNGException" message="
Parameter &amp;apos;browser&amp;apos; is required by BeforeClass on method setUp but has not been marked @Optional or defined
in C:\Users\Ranjit\OneDrive\Documents\Eclipes Backup work\Open_Cart_Ecommerce_Application_Project\master1.xml">
      <![CDATA[org.testng.TestNGException: 
Parameter 'browser' is required by BeforeClass on method setUp but has not been marked @Optional or defined
in C:\Users\Ranjit\OneDrive\Documents\Eclipes Backup work\Open_Cart_Ecommerce_Application_Project\master1.xml
at java.base/java.util.ArrayList.forEach(ArrayList.java:1511)
... Removed 22 stack frames]]>
    </failure>
  </testcase> <!-- @BeforeClass setUp -->
  <testcase classname="testCases.TC_001_AccountRegistrationTest" name="test_Account_Registration" time="0.0">
    <skipped/>
  </testcase> <!-- test_Account_Registration -->
</testsuite> <!-- master1 -->
