<?xml version="1.0" encoding="UTF-8"?>
<!-- Generated by org.testng.reporters.JUnitXMLReporter -->
<testsuite ignored="1" hostname="LAPTOP-PUE9BH8I" failures="1" tests="1" name="OpenCartTest" time="17.625" errors="0" timestamp="2023-11-08T12:24:12 IST">
  <testcase classname="testCases.TC_002_LogInTest" name="test_Login" time="11.305">
    <failure type="java.lang.AssertionError" message="Login Failed expected [true] but found [false]">
      <![CDATA[java.lang.AssertionError: Login Failed expected [true] but found [false]
at testCases.TC_002_LogInTest.test_Login(TC_002_LogInTest.java:38)
at java.base/java.util.ArrayList.forEach(ArrayList.java:1511)
... Removed 31 stack frames]]>
    </failure>
  </testcase> <!-- test_Login -->
  <testcase classname="testCases.TC_001_AccountRegistrationTest" name="test_Account_Registration" time="0.0">
    <ignored/>
  </testcase> <!-- test_Account_Registration -->
</testsuite> <!-- OpenCartTest -->
