<?xml version="1.0" encoding="UTF-8"?>
<!-- Generated by org.testng.reporters.JUnitXMLReporter -->
<testsuite ignored="0" hostname="LAPTOP-PUE9BH8I" failures="2" tests="13" name="OpenCartTest" time="169.345" errors="0" timestamp="2023-11-08T18:14:28 IST">
  <testcase classname="testCases.TC_003_LoginDDT" name="TestLoginDDT" time="11.226">
    <failure type="java.lang.AssertionError" message="expected [true] but found [false]">
      <![CDATA[java.lang.AssertionError: expected [true] but found [false]
at testCases.TC_003_LoginDDT.TestLoginDDT(TC_003_LoginDDT.java:56)
at java.base/java.util.ArrayList.forEach(ArrayList.java:1511)
... Removed 33 stack frames]]>
    </failure>
  </testcase> <!-- TestLoginDDT -->
  <testcase classname="testCases.TC_003_LoginDDT" name="TestLoginDDT" time="10.86"/>
  <testcase classname="testCases.TC_003_LoginDDT" name="TestLoginDDT" time="10.952"/>
  <testcase classname="testCases.TC_003_LoginDDT" name="TestLoginDDT" time="10.826"/>
  <testcase classname="testCases.TC_003_LoginDDT" name="TestLoginDDT" time="11.1">
    <failure type="java.lang.AssertionError" message="expected [true] but found [false]">
      <![CDATA[java.lang.AssertionError: expected [true] but found [false]
at testCases.TC_003_LoginDDT.TestLoginDDT(TC_003_LoginDDT.java:56)
at java.base/java.util.ArrayList.forEach(ArrayList.java:1511)
... Removed 33 stack frames]]>
    </failure>
  </testcase> <!-- TestLoginDDT -->
  <testcase classname="testCases.TC_003_LoginDDT" name="TestLoginDDT" time="10.827"/>
  <testcase classname="testCases.TC_003_LoginDDT" name="TestLoginDDT" time="10.983"/>
  <testcase classname="testCases.TC_003_LoginDDT" name="TestLoginDDT" time="11.212"/>
  <testcase classname="testCases.TC_003_LoginDDT" name="TestLoginDDT" time="10.789"/>
  <testcase classname="testCases.TC_003_LoginDDT" name="TestLoginDDT" time="10.8"/>
  <testcase classname="testCases.TC_003_LoginDDT" name="TestLoginDDT" time="10.891"/>
  <testcase classname="testCases.TC_003_LoginDDT" name="TestLoginDDT" time="10.896"/>
  <testcase classname="testCases.TC_003_LoginDDT" name="TestLoginDDT" time="9.036"/>
</testsuite> <!-- OpenCartTest -->
